e:\_year 1\c++\_sdl\sdl term_ii_template\term_ii_template\debug\vc140.pdb
e:\_year 1\c++\_sdl\sdl term_ii_template\term_ii_template\debug\vc140.idb
e:\_year 1\c++\_sdl\sdl term_ii_template\term_ii_template\debug\helper.obj
e:\_year 1\c++\_sdl\sdl term_ii_template\term_ii_template\debug\main.obj
e:\_year 1\c++\_sdl\sdl term_ii_template\term_ii_template\debug\sdlresources.obj
e:\_year 1\c++\_sdl\sdl term_ii_template\term_ii_template\debug\sdlwindow.obj
e:\_year 1\c++\_sdl\sdl term_ii_template\term_ii_template\debug\menuscreen.obj
e:\_year 1\c++\_sdl\sdl term_ii_template\term_ii_template\debug\screenmanager.obj
e:\_year 1\c++\_sdl\sdl term_ii_template\term_ii_template\debug\entity.obj
e:\_year 1\c++\_sdl\sdl term_ii_template\term_ii_template\debug\spritegameroutines.obj
e:\_year 1\c++\_sdl\sdl term_ii_template\term_ii_template\debug\spritegamescreen.obj
e:\_year 1\c++\_sdl\sdl term_ii_template\term_ii_template\debug\math.obj
e:\_year 1\c++\_sdl\sdl term_ii_template - copy\term_ii_template\debug\vc140.pdb
e:\_year 1\c++\_sdl\sdl term_ii_template - copy\term_ii_template\debug\vc140.idb
e:\_year 1\c++\_sdl\sdl term_ii_template - copy\term_ii_template\debug\helper.obj
e:\_year 1\c++\_sdl\sdl term_ii_template - copy\term_ii_template\debug\main.obj
e:\_year 1\c++\_sdl\sdl term_ii_template - copy\term_ii_template\debug\sdlresources.obj
e:\_year 1\c++\_sdl\sdl term_ii_template - copy\term_ii_template\debug\sdlwindow.obj
e:\_year 1\c++\_sdl\sdl term_ii_template - copy\term_ii_template\debug\math.obj
e:\_year 1\c++\_sdl\sdl term_ii_template - copy\term_ii_template\debug\menuscreen.obj
e:\_year 1\c++\_sdl\sdl term_ii_template - copy\term_ii_template\debug\screenmanager.obj
e:\_year 1\c++\_sdl\sdl term_ii_template - copy\term_ii_template\debug\entity.obj
e:\_year 1\c++\_sdl\sdl term_ii_template - copy\term_ii_template\debug\spritegameroutines.obj
e:\_year 1\c++\_sdl\sdl term_ii_template - copy\term_ii_template\debug\spritegamescreen.obj
e:\_year 1\c++\_sdl\sdl term_ii_template - copy\term_ii_template\debug\ship.obj
e:\_year 1\c++\_sdl\sdl term_ii_template - copy\debug\term_ii_template.pdb
e:\_year 1\c++\_sdl\sdl term_ii_template - copy\term_ii_template\debug\term_ii_template.tlog\link.read.1.tlog
e:\_year 1\c++\_sdl\sdl term_ii_template - copy\term_ii_template\debug\term_ii_template.tlog\cl.write.1.tlog
e:\_year 1\c++\_sdl\sdl term_ii_template - copy\term_ii_template\debug\term_ii_template.tlog\cl.command.1.tlog
e:\_year 1\c++\_sdl\sdl term_ii_template - copy\term_ii_template\debug\term_ii_template.tlog\link.7700.read.1.tlog
e:\_year 1\c++\_sdl\sdl term_ii_template - copy\term_ii_template\debug\term_ii_template.tlog\link.command.1.tlog
e:\_year 1\c++\_sdl\sdl term_ii_template - copy\term_ii_template\debug\term_ii_template.tlog\cl.read.1.tlog
e:\_year 1\c++\_sdl\sdl term_ii_template - copy\term_ii_template\debug\term_ii_template.tlog\link.write.1.tlog
e:\_year 1\c++\_sdl\sdl term_ii_template - copy\term_ii_template\debug\term_ii_template.tlog\link.7700.write.1.tlog
e:\_year 1\c++\_sdl\sdl term_ii_template - copy\term_ii_template\debug\term_ii_template.tlog\link.6676.read.1.tlog
e:\_year 1\c++\_sdl\sdl term_ii_template - copy\term_ii_template\debug\term_ii_template.tlog\link.6676.write.1.tlog
